 ⚠ Linting is disabled.
   ▲ Next.js 15.4.6
   - Environments: .env.local, .env.production

   Creating an optimized production build ...
 ⚠ Compiled with warnings in 4.0s

./node_modules/@prisma/instrumentation/node_modules/@opentelemetry/instrumentation/build/esm/platform/node/instrumentation.js
Critical dependency: the request of a dependency is an expression

Import trace for requested module:
./node_modules/@prisma/instrumentation/node_modules/@opentelemetry/instrumentation/build/esm/platform/node/instrumentation.js
./node_modules/@prisma/instrumentation/node_modules/@opentelemetry/instrumentation/build/esm/platform/node/index.js
./node_modules/@prisma/instrumentation/node_modules/@opentelemetry/instrumentation/build/esm/platform/index.js
./node_modules/@prisma/instrumentation/node_modules/@opentelemetry/instrumentation/build/esm/index.js
./node_modules/@prisma/instrumentation/dist/index.js
./node_modules/@sentry/node/build/cjs/integrations/tracing/prisma.js
./node_modules/@sentry/node/build/cjs/index.js
./node_modules/@sentry/nextjs/build/cjs/index.server.js
./src/lib/monitoring/init.ts
./src/lib/monitoring/utils/react-helpers.ts

./node_modules/@prisma/instrumentation/node_modules/@opentelemetry/instrumentation/build/esm/platform/node/instrumentation.js
Critical dependency: the request of a dependency is an expression

Import trace for requested module:
./node_modules/@prisma/instrumentation/node_modules/@opentelemetry/instrumentation/build/esm/platform/node/instrumentation.js
./node_modules/@prisma/instrumentation/node_modules/@opentelemetry/instrumentation/build/esm/platform/node/index.js
./node_modules/@prisma/instrumentation/node_modules/@opentelemetry/instrumentation/build/esm/platform/index.js
./node_modules/@prisma/instrumentation/node_modules/@opentelemetry/instrumentation/build/esm/index.js
./node_modules/@prisma/instrumentation/dist/index.js
./node_modules/@sentry/node/build/cjs/integrations/tracing/prisma.js
./node_modules/@sentry/node/build/cjs/index.js
./node_modules/@sentry/nextjs/build/cjs/index.server.js
./src/app/api/integrations/test/route.ts

   Checking validity of types ...
Failed to compile.

./src/models/pipeline.ts:62:12
Type error: All declarations of 'stage' must have identical modifiers.

[0m [90m 60 |[39m [36mexport[39m [36minterface[39m [33mJobProgress[39m {
 [90m 61 |[39m   readonly jobId[33m:[39m [33mUUID[39m[33m;[39m
[31m[1m>[22m[39m[90m 62 |[39m   readonly stage[33m:[39m [33mProcessingStage[39m[33m;[39m
 [90m    |[39m            [31m[1m^[22m[39m
 [90m 63 |[39m   readonly status[33m:[39m [33mJobStatus[39m[33m;[39m
 [90m 64 |[39m   readonly progress[33m:[39m number[33m;[39m [90m// 0-1[39m
 [90m 65 |[39m   readonly message[33m:[39m string[33m;[39m[0m
Next.js build worker exited with code: 1 and signal: null
